app/build/intermediates/manifest_merge_blame_file/debug/manifest-merger-blame-debug-report.txt
1<?xml version="1.0" encoding="utf-8"?>
2<manifest xmlns:android="http://schemas.android.com/apk/res/android"
3    package="com.example.cinematch"
4    android:versionCode="1"
5    android:versionName="1.0" >
6
7    <uses-sdk
8        android:minSdkVersion="24"
9        android:targetSdkVersion="34" />
10
11    <uses-permission android:name="android.permission.INTERNET" />
11-->src\main\AndroidManifest.xml:4:5-67
11-->src\main\AndroidManifest.xml:4:22-64
12    <uses-permission android:name="android.permission.ACCESS_NETWORK_STATE" />
12-->src\main\AndroidManifest.xml:5:5-79
12-->src\main\AndroidManifest.xml:5:22-76
13    <uses-permission android:name="com.google.android.providers.gsf.permission.READ_GSERVICES" />
13-->[com.google.android.recaptcha:recaptcha:18.4.0] AndroidManifest.xml:9:5-98
13-->[com.google.android.recaptcha:recaptcha:18.4.0] AndroidManifest.xml:9:22-95
14
15    <permission
15-->[androidx.core:core:1.9.0] AndroidManifest.xml:22:5-24:47
16        android:name="com.example.cinematch.DYNAMIC_RECEIVER_NOT_EXPORTED_PERMISSION"
16-->[androidx.core:core:1.9.0] AndroidManifest.xml:23:9-81
17        android:protectionLevel="signature" />
17-->[androidx.core:core:1.9.0] AndroidManifest.xml:24:9-44
18
19    <uses-permission android:name="com.example.cinematch.DYNAMIC_RECEIVER_NOT_EXPORTED_PERMISSION" />
19-->[androidx.core:core:1.9.0] AndroidManifest.xml:26:5-97
19-->[androidx.core:core:1.9.0] AndroidManifest.xml:26:22-94
20
21    <application
21-->src\main\AndroidManifest.xml:7:5-35:19
22        android:name="com.example.cinematch.CineMatchApp"
22-->src\main\AndroidManifest.xml:8:9-37
23        android:allowBackup="true"
23-->src\main\AndroidManifest.xml:9:9-35
24        android:appComponentFactory="androidx.core.app.CoreComponentFactory"
24-->[androidx.core:core:1.9.0] AndroidManifest.xml:28:18-86
25        android:debuggable="true"
26        android:extractNativeLibs="false"
27        android:icon="@mipmap/ic_launcher"
27-->src\main\AndroidManifest.xml:10:9-43
28        android:label="@string/app_name"
28-->src\main\AndroidManifest.xml:11:9-41
29        android:testOnly="true"
30        android:theme="@style/Theme.CineMatch"
30-->src\main\AndroidManifest.xml:12:9-47
31        android:usesCleartextTraffic="false" >
31-->src\main\AndroidManifest.xml:13:9-45
32        <activity
32-->src\main\AndroidManifest.xml:15:9-23:20
33            android:name="com.example.cinematch.ui.splash.SplashActivity"
33-->src\main\AndroidManifest.xml:16:13-53
34            android:exported="true"
34-->src\main\AndroidManifest.xml:17:13-36
35            android:theme="@style/Theme.CineMatch.Splash" >
35-->src\main\AndroidManifest.xml:18:13-58
36            <intent-filter>
36-->src\main\AndroidManifest.xml:19:13-22:29
37                <action android:name="android.intent.action.MAIN" />
37-->src\main\AndroidManifest.xml:20:17-69
37-->src\main\AndroidManifest.xml:20:25-66
38
39                <category android:name="android.intent.category.LAUNCHER" />
39-->src\main\AndroidManifest.xml:21:17-77
39-->src\main\AndroidManifest.xml:21:27-74
40            </intent-filter>
41        </activity>
42        <activity
42-->src\main\AndroidManifest.xml:25:9-84
43            android:name="com.example.cinematch.ui.auth.LoginActivity"
43-->src\main\AndroidManifest.xml:25:19-56
44            android:exported="false" />
44-->src\main\AndroidManifest.xml:25:57-81
45        <activity
45-->src\main\AndroidManifest.xml:26:9-87
46            android:name="com.example.cinematch.ui.auth.RegisterActivity"
46-->src\main\AndroidManifest.xml:26:19-59
47            android:exported="false" />
47-->src\main\AndroidManifest.xml:26:60-84
48        <activity
48-->src\main\AndroidManifest.xml:27:9-83
49            android:name="com.example.cinematch.ui.main.MainActivity"
49-->src\main\AndroidManifest.xml:27:19-55
50            android:exported="false" />
50-->src\main\AndroidManifest.xml:27:56-80
51
52        <!-- Explicit intent từ MovieAdapter/WatchlistAdapter -> nhận EXTRA_MOVIE_ID -->
53        <activity
53-->src\main\AndroidManifest.xml:30:9-92
54            android:name="com.example.cinematch.ui.detail.MovieDetailActivity"
54-->src\main\AndroidManifest.xml:30:19-64
55            android:exported="false" />
55-->src\main\AndroidManifest.xml:30:65-89
56
57        <!-- Chỉ mở khi role = moderator, kiểm tra ở MainActivity trước khi startActivity -->
58        <activity
58-->src\main\AndroidManifest.xml:33:9-102
59            android:name="com.example.cinematch.ui.moderator.ModeratorDashboardActivity"
59-->src\main\AndroidManifest.xml:33:19-74
60            android:exported="false" />
60-->src\main\AndroidManifest.xml:33:75-99
61        <activity
61-->[com.google.firebase:firebase-auth:22.3.1] AndroidManifest.xml:29:9-46:20
62            android:name="com.google.firebase.auth.internal.GenericIdpActivity"
62-->[com.google.firebase:firebase-auth:22.3.1] AndroidManifest.xml:30:13-80
63            android:excludeFromRecents="true"
63-->[com.google.firebase:firebase-auth:22.3.1] AndroidManifest.xml:31:13-46
64            android:exported="true"
64-->[com.google.firebase:firebase-auth:22.3.1] AndroidManifest.xml:32:13-36
65            android:launchMode="singleTask"
65-->[com.google.firebase:firebase-auth:22.3.1] AndroidManifest.xml:33:13-44
66            android:theme="@android:style/Theme.Translucent.NoTitleBar" >
66-->[com.google.firebase:firebase-auth:22.3.1] AndroidManifest.xml:34:13-72
67            <intent-filter>
67-->[com.google.firebase:firebase-auth:22.3.1] AndroidManifest.xml:35:13-45:29
68                <action android:name="android.intent.action.VIEW" />
68-->[com.google.firebase:firebase-auth:22.3.1] AndroidManifest.xml:36:17-69
68-->[com.google.firebase:firebase-auth:22.3.1] AndroidManifest.xml:36:25-66
69
70                <category android:name="android.intent.category.DEFAULT" />
70-->[com.google.firebase:firebase-auth:22.3.1] AndroidManifest.xml:38:17-76
70-->[com.google.firebase:firebase-auth:22.3.1] AndroidManifest.xml:38:27-73
71                <category android:name="android.intent.category.BROWSABLE" />
71-->[com.google.firebase:firebase-auth:22.3.1] AndroidManifest.xml:39:17-78
71-->[com.google.firebase:firebase-auth:22.3.1] AndroidManifest.xml:39:27-75
72
73                <data
73-->[com.google.firebase:firebase-auth:22.3.1] AndroidManifest.xml:41:17-44:51
74                    android:host="firebase.auth"
74-->[com.google.firebase:firebase-auth:22.3.1] AndroidManifest.xml:42:21-49
75                    android:path="/"
75-->[com.google.firebase:firebase-auth:22.3.1] AndroidManifest.xml:43:21-37
76                    android:scheme="genericidp" />
76-->[com.google.firebase:firebase-auth:22.3.1] AndroidManifest.xml:44:21-48
77            </intent-filter>
78        </activity>
79        <activity
79-->[com.google.firebase:firebase-auth:22.3.1] AndroidManifest.xml:47:9-64:20
80            android:name="com.google.firebase.auth.internal.RecaptchaActivity"
80-->[com.google.firebase:firebase-auth:22.3.1] AndroidManifest.xml:48:13-79
81            android:excludeFromRecents="true"
81-->[com.google.firebase:firebase-auth:22.3.1] AndroidManifest.xml:49:13-46
82            android:exported="true"
82-->[com.google.firebase:firebase-auth:22.3.1] AndroidManifest.xml:50:13-36
83            android:launchMode="singleTask"
83-->[com.google.firebase:firebase-auth:22.3.1] AndroidManifest.xml:51:13-44
84            android:theme="@android:style/Theme.Translucent.NoTitleBar" >
84-->[com.google.firebase:firebase-auth:22.3.1] AndroidManifest.xml:52:13-72
85            <intent-filter>
85-->[com.google.firebase:firebase-auth:22.3.1] AndroidManifest.xml:53:13-63:29
86                <action android:name="android.intent.action.VIEW" />
86-->[com.google.firebase:firebase-auth:22.3.1] AndroidManifest.xml:36:17-69
86-->[com.google.firebase:firebase-auth:22.3.1] AndroidManifest.xml:36:25-66
87
88                <category android:name="android.intent.category.DEFAULT" />
88-->[com.google.firebase:firebase-auth:22.3.1] AndroidManifest.xml:38:17-76
88-->[com.google.firebase:firebase-auth:22.3.1] AndroidManifest.xml:38:27-73
89                <category android:name="android.intent.category.BROWSABLE" />
89-->[com.google.firebase:firebase-auth:22.3.1] AndroidManifest.xml:39:17-78
89-->[com.google.firebase:firebase-auth:22.3.1] AndroidManifest.xml:39:27-75
90
91                <data
91-->[com.google.firebase:firebase-auth:22.3.1] AndroidManifest.xml:41:17-44:51
92                    android:host="firebase.auth"
92-->[com.google.firebase:firebase-auth:22.3.1] AndroidManifest.xml:42:21-49
93                    android:path="/"
93-->[com.google.firebase:firebase-auth:22.3.1] AndroidManifest.xml:43:21-37
94                    android:scheme="recaptcha" />
94-->[com.google.firebase:firebase-auth:22.3.1] AndroidManifest.xml:44:21-48
95            </intent-filter>
96        </activity>
97
98        <service
98-->[com.google.firebase:firebase-auth:22.3.1] AndroidManifest.xml:66:9-72:19
99            android:name="com.google.firebase.components.ComponentDiscoveryService"
99-->[com.google.firebase:firebase-auth:22.3.1] AndroidManifest.xml:67:13-84
100            android:directBootAware="true"
100-->[com.google.firebase:firebase-common:20.4.2] AndroidManifest.xml:32:13-43
101            android:exported="false" >
101-->[com.google.firebase:firebase-auth:22.3.1] AndroidManifest.xml:68:13-37
102            <meta-data
102-->[com.google.firebase:firebase-auth:22.3.1] AndroidManifest.xml:69:13-71:85
103                android:name="com.google.firebase.components:com.google.firebase.auth.FirebaseAuthRegistrar"
103-->[com.google.firebase:firebase-auth:22.3.1] AndroidManifest.xml:70:17-109
104                android:value="com.google.firebase.components.ComponentRegistrar" />
104-->[com.google.firebase:firebase-auth:22.3.1] AndroidManifest.xml:71:17-82
105            <meta-data
105-->[com.google.firebase:firebase-firestore:24.10.3] AndroidManifest.xml:17:13-19:85
106                android:name="com.google.firebase.components:com.google.firebase.firestore.FirebaseFirestoreKtxRegistrar"
106-->[com.google.firebase:firebase-firestore:24.10.3] AndroidManifest.xml:18:17-122
107                android:value="com.google.firebase.components.ComponentRegistrar" />
107-->[com.google.firebase:firebase-firestore:24.10.3] AndroidManifest.xml:19:17-82
108            <meta-data
108-->[com.google.firebase:firebase-firestore:24.10.3] AndroidManifest.xml:20:13-22:85
109                android:name="com.google.firebase.components:com.google.firebase.firestore.FirestoreRegistrar"
109-->[com.google.firebase:firebase-firestore:24.10.3] AndroidManifest.xml:21:17-111
110                android:value="com.google.firebase.components.ComponentRegistrar" />
110-->[com.google.firebase:firebase-firestore:24.10.3] AndroidManifest.xml:22:17-82
111            <meta-data
111-->[com.google.firebase:firebase-storage:20.3.0] AndroidManifest.xml:30:13-32:85
112                android:name="com.google.firebase.components:com.google.firebase.storage.FirebaseStorageKtxRegistrar"
112-->[com.google.firebase:firebase-storage:20.3.0] AndroidManifest.xml:31:17-118
113                android:value="com.google.firebase.components.ComponentRegistrar" />
113-->[com.google.firebase:firebase-storage:20.3.0] AndroidManifest.xml:32:17-82
114            <meta-data
114-->[com.google.firebase:firebase-storage:20.3.0] AndroidManifest.xml:33:13-35:85
115                android:name="com.google.firebase.components:com.google.firebase.storage.StorageRegistrar"
115-->[com.google.firebase:firebase-storage:20.3.0] AndroidManifest.xml:34:17-107
116                android:value="com.google.firebase.components.ComponentRegistrar" />
116-->[com.google.firebase:firebase-storage:20.3.0] AndroidManifest.xml:35:17-82
117            <meta-data
117-->[com.google.firebase:firebase-appcheck:17.1.2] AndroidManifest.xml:25:13-27:85
118                android:name="com.google.firebase.components:com.google.firebase.appcheck.FirebaseAppCheckKtxRegistrar"
118-->[com.google.firebase:firebase-appcheck:17.1.2] AndroidManifest.xml:26:17-120
119                android:value="com.google.firebase.components.ComponentRegistrar" />
119-->[com.google.firebase:firebase-appcheck:17.1.2] AndroidManifest.xml:27:17-82
120            <meta-data
120-->[com.google.firebase:firebase-appcheck:17.1.2] AndroidManifest.xml:28:13-30:85
121                android:name="com.google.firebase.components:com.google.firebase.appcheck.FirebaseAppCheckRegistrar"
121-->[com.google.firebase:firebase-appcheck:17.1.2] AndroidManifest.xml:29:17-117
122                android:value="com.google.firebase.components.ComponentRegistrar" />
122-->[com.google.firebase:firebase-appcheck:17.1.2] AndroidManifest.xml:30:17-82
123            <meta-data
123-->[com.google.firebase:firebase-common-ktx:20.4.2] AndroidManifest.xml:12:13-14:85
124                android:name="com.google.firebase.components:com.google.firebase.ktx.FirebaseCommonLegacyRegistrar"
124-->[com.google.firebase:firebase-common-ktx:20.4.2] AndroidManifest.xml:13:17-116
125                android:value="com.google.firebase.components.ComponentRegistrar" />
125-->[com.google.firebase:firebase-common-ktx:20.4.2] AndroidManifest.xml:14:17-82
126            <meta-data
126-->[com.google.firebase:firebase-common:20.4.2] AndroidManifest.xml:35:13-37:85
127                android:name="com.google.firebase.components:com.google.firebase.FirebaseCommonKtxRegistrar"
127-->[com.google.firebase:firebase-common:20.4.2] AndroidManifest.xml:36:17-109
128                android:value="com.google.firebase.components.ComponentRegistrar" />
128-->[com.google.firebase:firebase-common:20.4.2] AndroidManifest.xml:37:17-82
129        </service>
130
131        <activity
131-->[com.google.android.gms:play-services-base:18.1.0] AndroidManifest.xml:20:9-22:45
132            android:name="com.google.android.gms.common.api.GoogleApiActivity"
132-->[com.google.android.gms:play-services-base:18.1.0] AndroidManifest.xml:20:19-85
133            android:exported="false"
133-->[com.google.android.gms:play-services-base:18.1.0] AndroidManifest.xml:22:19-43
134            android:theme="@android:style/Theme.Translucent.NoTitleBar" />
134-->[com.google.android.gms:play-services-base:18.1.0] AndroidManifest.xml:21:19-78
135
136        <provider
136-->[com.google.firebase:firebase-common:20.4.2] AndroidManifest.xml:23:9-28:39
137            android:name="com.google.firebase.provider.FirebaseInitProvider"
137-->[com.google.firebase:firebase-common:20.4.2] AndroidManifest.xml:24:13-77
138            android:authorities="com.example.cinematch.firebaseinitprovider"
138-->[com.google.firebase:firebase-common:20.4.2] AndroidManifest.xml:25:13-72
139            android:directBootAware="true"
139-->[com.google.firebase:firebase-common:20.4.2] AndroidManifest.xml:26:13-43
140            android:exported="false"
140-->[com.google.firebase:firebase-common:20.4.2] AndroidManifest.xml:27:13-37
141            android:initOrder="100" />
141-->[com.google.firebase:firebase-common:20.4.2] AndroidManifest.xml:28:13-36
142        <provider
142-->[androidx.emoji2:emoji2:1.2.0] AndroidManifest.xml:24:9-32:20
143            android:name="androidx.startup.InitializationProvider"
143-->[androidx.emoji2:emoji2:1.2.0] AndroidManifest.xml:25:13-67
144            android:authorities="com.example.cinematch.androidx-startup"
144-->[androidx.emoji2:emoji2:1.2.0] AndroidManifest.xml:26:13-68
145            android:exported="false" >
145-->[androidx.emoji2:emoji2:1.2.0] AndroidManifest.xml:27:13-37
146            <meta-data
146-->[androidx.emoji2:emoji2:1.2.0] AndroidManifest.xml:29:13-31:52
147                android:name="androidx.emoji2.text.EmojiCompatInitializer"
147-->[androidx.emoji2:emoji2:1.2.0] AndroidManifest.xml:30:17-75
148                android:value="androidx.startup" />
148-->[androidx.emoji2:emoji2:1.2.0] AndroidManifest.xml:31:17-49
149            <meta-data
149-->[androidx.lifecycle:lifecycle-process:2.6.1] AndroidManifest.xml:29:13-31:52
150                android:name="androidx.lifecycle.ProcessLifecycleInitializer"
150-->[androidx.lifecycle:lifecycle-process:2.6.1] AndroidManifest.xml:30:17-78
151                android:value="androidx.startup" />
151-->[androidx.lifecycle:lifecycle-process:2.6.1] AndroidManifest.xml:31:17-49
152            <meta-data
152-->[androidx.profileinstaller:profileinstaller:1.3.0] AndroidManifest.xml:29:13-31:52
153                android:name="androidx.profileinstaller.ProfileInstallerInitializer"
153-->[androidx.profileinstaller:profileinstaller:1.3.0] AndroidManifest.xml:30:17-85
154                android:value="androidx.startup" />
154-->[androidx.profileinstaller:profileinstaller:1.3.0] AndroidManifest.xml:31:17-49
155        </provider>
156
157        <meta-data
157-->[com.google.android.gms:play-services-basement:18.3.0] AndroidManifest.xml:21:9-23:69
158            android:name="com.google.android.gms.version"
158-->[com.google.android.gms:play-services-basement:18.3.0] AndroidManifest.xml:22:13-58
159            android:value="@integer/google_play_services_version" />
159-->[com.google.android.gms:play-services-basement:18.3.0] AndroidManifest.xml:23:13-66
160
161        <receiver
161-->[androidx.profileinstaller:profileinstaller:1.3.0] AndroidManifest.xml:34:9-52:20
162            android:name="androidx.profileinstaller.ProfileInstallReceiver"
162-->[androidx.profileinstaller:profileinstaller:1.3.0] AndroidManifest.xml:35:13-76
163            android:directBootAware="false"
163-->[androidx.profileinstaller:profileinstaller:1.3.0] AndroidManifest.xml:36:13-44
164            android:enabled="true"
164-->[androidx.profileinstaller:profileinstaller:1.3.0] AndroidManifest.xml:37:13-35
165            android:exported="true"
165-->[androidx.profileinstaller:profileinstaller:1.3.0] AndroidManifest.xml:38:13-36
166            android:permission="android.permission.DUMP" >
166-->[androidx.profileinstaller:profileinstaller:1.3.0] AndroidManifest.xml:39:13-57
167            <intent-filter>
167-->[androidx.profileinstaller:profileinstaller:1.3.0] AndroidManifest.xml:40:13-42:29
168                <action android:name="androidx.profileinstaller.action.INSTALL_PROFILE" />
168-->[androidx.profileinstaller:profileinstaller:1.3.0] AndroidManifest.xml:41:17-91
168-->[androidx.profileinstaller:profileinstaller:1.3.0] AndroidManifest.xml:41:25-88
169            </intent-filter>
170            <intent-filter>
170-->[androidx.profileinstaller:profileinstaller:1.3.0] AndroidManifest.xml:43:13-45:29
171                <action android:name="androidx.profileinstaller.action.SKIP_FILE" />
171-->[androidx.profileinstaller:profileinstaller:1.3.0] AndroidManifest.xml:44:17-85
171-->[androidx.profileinstaller:profileinstaller:1.3.0] AndroidManifest.xml:44:25-82
172            </intent-filter>
173            <intent-filter>
173-->[androidx.profileinstaller:profileinstaller:1.3.0] AndroidManifest.xml:46:13-48:29
174                <action android:name="androidx.profileinstaller.action.SAVE_PROFILE" />
174-->[androidx.profileinstaller:profileinstaller:1.3.0] AndroidManifest.xml:47:17-88
174-->[androidx.profileinstaller:profileinstaller:1.3.0] AndroidManifest.xml:47:25-85
175            </intent-filter>
176            <intent-filter>
176-->[androidx.profileinstaller:profileinstaller:1.3.0] AndroidManifest.xml:49:13-51:29
177                <action android:name="androidx.profileinstaller.action.BENCHMARK_OPERATION" />
177-->[androidx.profileinstaller:profileinstaller:1.3.0] AndroidManifest.xml:50:17-95
177-->[androidx.profileinstaller:profileinstaller:1.3.0] AndroidManifest.xml:50:25-92
178            </intent-filter>
179        </receiver>
180    </application>
181
182</manifest>